  [1m[36m (2.5ms)[0m  [1mCREATE TABLE "schema_migrations" ("version" varchar NOT NULL) [0m
  [1m[35m (0.1ms)[0m  select sqlite_version(*)
  [1m[36m (6.6ms)[0m  [1mCREATE UNIQUE INDEX "unique_schema_migrations" ON "schema_migrations" ("version")[0m
  [1m[35mActiveRecord::SchemaMigration Load (0.6ms)[0m  SELECT "schema_migrations".* FROM "schema_migrations"
Migrating to AddPostsTable (20151209132020)
  [1m[36m (0.1ms)[0m  [1mbegin transaction[0m
DEPRECATION WARNING: `#timestamps` was called without specifying an option for `null`. In Rails 5, this behavior will change to `null: false`. You should manually specify `null: true` to prevent the behavior of your existing migrations from changing. (called from block in change at /Users/makodoben/Desktop/WorkSpace/Heroku/panel/postboard_solution-master/db/migrate/20151209132020_add_posts_table.rb:8)
  [1m[35m (0.6ms)[0m  CREATE TABLE "posts" ("id" INTEGER PRIMARY KEY AUTOINCREMENT NOT NULL, "title" varchar, "content" text, "user_id" integer, "created_at" datetime, "updated_at" datetime) 
  [1m[36mSQL (0.2ms)[0m  [1mINSERT INTO "schema_migrations" ("version") VALUES (?)[0m  [["version", "20151209132020"]]
  [1m[35m (3.5ms)[0m  commit transaction
Migrating to AddCommentsTable (20151209134247)
  [1m[36m (0.1ms)[0m  [1mbegin transaction[0m
DEPRECATION WARNING: `#timestamps` was called without specifying an option for `null`. In Rails 5, this behavior will change to `null: false`. You should manually specify `null: true` to prevent the behavior of your existing migrations from changing. (called from block in change at /Users/makodoben/Desktop/WorkSpace/Heroku/panel/postboard_solution-master/db/migrate/20151209134247_add_comments_table.rb:8)
  [1m[35m (0.5ms)[0m  CREATE TABLE "comments" ("id" INTEGER PRIMARY KEY AUTOINCREMENT NOT NULL, "content" text, "post_id" integer, "user_id" integer, "created_at" datetime, "updated_at" datetime) 
  [1m[36mSQL (0.2ms)[0m  [1mINSERT INTO "schema_migrations" ("version") VALUES (?)[0m  [["version", "20151209134247"]]
  [1m[35m (4.5ms)[0m  commit transaction
Migrating to AddCategoryTable (20151209141026)
  [1m[36m (0.2ms)[0m  [1mbegin transaction[0m
DEPRECATION WARNING: `#timestamps` was called without specifying an option for `null`. In Rails 5, this behavior will change to `null: false`. You should manually specify `null: true` to prevent the behavior of your existing migrations from changing. (called from block in change at /Users/makodoben/Desktop/WorkSpace/Heroku/panel/postboard_solution-master/db/migrate/20151209141026_add_category_table.rb:6)
  [1m[35m (0.6ms)[0m  CREATE TABLE "categories" ("id" INTEGER PRIMARY KEY AUTOINCREMENT NOT NULL, "name" varchar, "created_at" datetime, "updated_at" datetime) 
DEPRECATION WARNING: `#timestamps` was called without specifying an option for `null`. In Rails 5, this behavior will change to `null: false`. You should manually specify `null: true` to prevent the behavior of your existing migrations from changing. (called from block in change at /Users/makodoben/Desktop/WorkSpace/Heroku/panel/postboard_solution-master/db/migrate/20151209141026_add_category_table.rb:13)
  [1m[36m (0.2ms)[0m  [1mCREATE TABLE "categories_posts" ("id" INTEGER PRIMARY KEY AUTOINCREMENT NOT NULL, "post_id" integer, "category_id" integer, "created_at" datetime, "updated_at" datetime) [0m
  [1m[35mSQL (0.2ms)[0m  INSERT INTO "schema_migrations" ("version") VALUES (?)  [["version", "20151209141026"]]
  [1m[36m (3.6ms)[0m  [1mcommit transaction[0m
Migrating to AddUsersTable (20151212042638)
  [1m[35m (0.1ms)[0m  begin transaction
DEPRECATION WARNING: `#timestamps` was called without specifying an option for `null`. In Rails 5, this behavior will change to `null: false`. You should manually specify `null: true` to prevent the behavior of your existing migrations from changing. (called from block in change at /Users/makodoben/Desktop/WorkSpace/Heroku/panel/postboard_solution-master/db/migrate/20151212042638_add_users_table.rb:7)
  [1m[36m (0.5ms)[0m  [1mCREATE TABLE "users" ("id" INTEGER PRIMARY KEY AUTOINCREMENT NOT NULL, "name" varchar, "password_digest" varchar, "created_at" datetime, "updated_at" datetime) [0m
  [1m[35mSQL (0.1ms)[0m  INSERT INTO "schema_migrations" ("version") VALUES (?)  [["version", "20151212042638"]]
  [1m[36m (1.6ms)[0m  [1mcommit transaction[0m
Migrating to CrateVotes (20161115120643)
  [1m[35m (0.1ms)[0m  begin transaction
  [1m[36m (0.5ms)[0m  [1mCREATE TABLE "votes" ("id" INTEGER PRIMARY KEY AUTOINCREMENT NOT NULL, "vote" boolean, "user_id" integer, "voteable_id" integer, "voteable_type" varchar) [0m
  [1m[35mSQL (0.7ms)[0m  INSERT INTO "schema_migrations" ("version") VALUES (?)  [["version", "20161115120643"]]
  [1m[36m (1.5ms)[0m  [1mcommit transaction[0m
  [1m[35mActiveRecord::SchemaMigration Load (0.1ms)[0m  SELECT "schema_migrations".* FROM "schema_migrations"


Started GET "/" for ::1 at 2016-11-15 20:08:19 +0800
  [1m[36mActiveRecord::SchemaMigration Load (0.1ms)[0m  [1mSELECT "schema_migrations".* FROM "schema_migrations"[0m
Processing by PostsController#index as HTML
  [1m[35mPost Load (1.3ms)[0m  SELECT "posts".* FROM "posts"
  Rendered shared/_title.html.erb (1.3ms)
  Rendered posts/index.html.erb within layouts/application (11.8ms)
  [1m[36mUser Load (1.6ms)[0m  [1mSELECT  "users".* FROM "users" WHERE "users"."id" = ? LIMIT 1[0m  [["id", 1]]
  Rendered layouts/_navigation.html.erb (35.4ms)
Completed 500 Internal Server Error in 4529ms (ActiveRecord: 3.4ms)

ActiveRecord::RecordNotFound (Couldn't find User with 'id'=1):
  app/controllers/application_controller.rb:9:in `current_user'
  app/controllers/application_controller.rb:13:in `logged_in?'
  app/views/layouts/_navigation.html.erb:8:in `_app_views_layouts__navigation_html_erb__3326515761121139108_70366003433960'
  app/views/layouts/application.html.erb:11:in `_app_views_layouts_application_html_erb__4254580226834978754_70365979714960'


  Rendered /Users/makodoben/.rvm/gems/ruby-2.2.3/gems/actionpack-4.2.4/lib/action_dispatch/middleware/templates/rescues/_source.erb (14.2ms)
  Rendered /Users/makodoben/.rvm/gems/ruby-2.2.3/gems/actionpack-4.2.4/lib/action_dispatch/middleware/templates/rescues/_trace.html.erb (5.9ms)
  Rendered /Users/makodoben/.rvm/gems/ruby-2.2.3/gems/actionpack-4.2.4/lib/action_dispatch/middleware/templates/rescues/_request_and_response.html.erb (1.8ms)
  Rendered /Users/makodoben/.rvm/gems/ruby-2.2.3/gems/actionpack-4.2.4/lib/action_dispatch/middleware/templates/rescues/diagnostics.html.erb within rescues/layout (99.6ms)
  Rendered /Users/makodoben/.rvm/gems/ruby-2.2.3/gems/web-console-2.2.1/lib/web_console/templates/_markup.html.erb (0.6ms)
  Rendered /Users/makodoben/.rvm/gems/ruby-2.2.3/gems/web-console-2.2.1/lib/web_console/templates/_inner_console_markup.html.erb within layouts/inlined_string (1.1ms)
  Rendered /Users/makodoben/.rvm/gems/ruby-2.2.3/gems/web-console-2.2.1/lib/web_console/templates/_prompt_box_markup.html.erb within layouts/inlined_string (0.8ms)
  Rendered /Users/makodoben/.rvm/gems/ruby-2.2.3/gems/web-console-2.2.1/lib/web_console/templates/style.css.erb within layouts/inlined_string (0.5ms)
  Rendered /Users/makodoben/.rvm/gems/ruby-2.2.3/gems/web-console-2.2.1/lib/web_console/templates/console.js.erb within layouts/javascript (65.0ms)
  Rendered /Users/makodoben/.rvm/gems/ruby-2.2.3/gems/web-console-2.2.1/lib/web_console/templates/main.js.erb within layouts/javascript (0.4ms)
  Rendered /Users/makodoben/.rvm/gems/ruby-2.2.3/gems/web-console-2.2.1/lib/web_console/templates/error_page.js.erb within layouts/javascript (0.7ms)
  Rendered /Users/makodoben/.rvm/gems/ruby-2.2.3/gems/web-console-2.2.1/lib/web_console/templates/index.html.erb (134.2ms)


Started GET "/" for ::1 at 2016-11-15 20:10:14 +0800
Processing by PostsController#index as HTML
  [1m[35mPost Load (0.8ms)[0m  SELECT "posts".* FROM "posts"
  Rendered shared/_title.html.erb (0.4ms)
  Rendered posts/index.html.erb within layouts/application (4.6ms)
  [1m[36mUser Load (0.3ms)[0m  [1mSELECT  "users".* FROM "users" WHERE "users"."id" = ? LIMIT 1[0m  [["id", 1]]
  Rendered layouts/_navigation.html.erb (14.4ms)
  Rendered layouts/_messages.html.erb (2.0ms)
Completed 200 OK in 199ms (Views: 185.6ms | ActiveRecord: 1.1ms)


Started GET "/assets/application.self-61861ad83327483be016372b2b5eb15d05dafe97a89ad7eee284bd4e89919a94.css?body=1" for ::1 at 2016-11-15 20:10:14 +0800


Started GET "/posts/new" for ::1 at 2016-11-15 20:10:22 +0800
Processing by PostsController#new as HTML
  Rendered shared/_title.html.erb (0.7ms)
  [1m[35mCategory Load (0.2ms)[0m  SELECT "categories".* FROM "categories"
  Rendered posts/new.html.erb within layouts/application (94.5ms)
  [1m[36mUser Load (0.1ms)[0m  [1mSELECT  "users".* FROM "users" WHERE "users"."id" = ? LIMIT 1[0m  [["id", 1]]
  Rendered layouts/_navigation.html.erb (1.9ms)
  Rendered layouts/_messages.html.erb (0.6ms)
Completed 200 OK in 205ms (Views: 197.9ms | ActiveRecord: 0.5ms)
  [1m[36m (0.1ms)[0m  [1mbegin transaction[0m
  [1m[35mSQL (0.4ms)[0m  INSERT INTO "categories" ("name", "created_at", "updated_at") VALUES (?, ?, ?)  [["name", "Dashboard"], ["created_at", "2016-11-15 12:12:07.353757"], ["updated_at", "2016-11-15 12:12:07.353757"]]
  [1m[36m (1.5ms)[0m  [1mcommit transaction[0m
  [1m[35m (0.1ms)[0m  begin transaction
  [1m[36mSQL (0.3ms)[0m  [1mINSERT INTO "categories" ("name", "created_at", "updated_at") VALUES (?, ?, ?)[0m  [["name", "Announcement"], ["created_at", "2016-11-15 12:12:29.414949"], ["updated_at", "2016-11-15 12:12:29.414949"]]
  [1m[35m (2.1ms)[0m  commit transaction


Started GET "/posts/" for ::1 at 2016-11-15 20:13:12 +0800
Processing by PostsController#index as HTML
  [1m[35mPost Load (0.3ms)[0m  SELECT "posts".* FROM "posts"
  Rendered shared/_title.html.erb (0.1ms)
  Rendered posts/index.html.erb within layouts/application (4.1ms)
  [1m[36mUser Load (0.1ms)[0m  [1mSELECT  "users".* FROM "users" WHERE "users"."id" = ? LIMIT 1[0m  [["id", 1]]
  Rendered layouts/_navigation.html.erb (1.9ms)
  Rendered layouts/_messages.html.erb (0.1ms)
Completed 200 OK in 99ms (Views: 96.9ms | ActiveRecord: 0.4ms)


Started GET "/posts/new" for ::1 at 2016-11-15 20:13:14 +0800
Processing by PostsController#new as HTML
  Rendered shared/_title.html.erb (0.0ms)
  [1m[35mCategory Load (0.2ms)[0m  SELECT "categories".* FROM "categories"
  Rendered posts/new.html.erb within layouts/application (62.5ms)
  [1m[36mUser Load (0.1ms)[0m  [1mSELECT  "users".* FROM "users" WHERE "users"."id" = ? LIMIT 1[0m  [["id", 1]]
  Rendered layouts/_navigation.html.erb (1.2ms)
  Rendered layouts/_messages.html.erb (0.1ms)
Completed 200 OK in 142ms (Views: 140.7ms | ActiveRecord: 0.6ms)


Started POST "/posts" for ::1 at 2016-11-15 20:13:32 +0800
Processing by PostsController#create as HTML
  Parameters: {"utf8"=>"âœ“", "authenticity_token"=>"Nko0hGVdMUf1NGyZ5y1KfBaxKgM2ZEkLmRHWzXRRqLNyvFhwcn8eivQxmDDFZO3Fodid1VHYV8qKrGk4hIdOKw==", "post"=>{"title"=>"2016-11-15", "content"=>"äººå“¡å§“å: Ben\r\næœå‹™å°è±¡: sumika\r\nç¨‹å¼æ”¯æ•¸: 8æ”¯", "category_ids"=>["1", ""]}, "commit"=>"Create Post"}
  [1m[35mCategory Load (0.2ms)[0m  SELECT  "categories".* FROM "categories" WHERE "categories"."id" = ? LIMIT 1  [["id", 1]]
  [1m[36mUser Load (0.1ms)[0m  [1mSELECT  "users".* FROM "users" WHERE "users"."id" = ? LIMIT 1[0m  [["id", 1]]
  [1m[35m (0.1ms)[0m  begin transaction
  [1m[36mSQL (0.5ms)[0m  [1mINSERT INTO "posts" ("title", "content", "user_id", "created_at", "updated_at") VALUES (?, ?, ?, ?, ?)[0m  [["title", "2016-11-15"], ["content", "äººå“¡å§“å: Ben\r\næœå‹™å°è±¡: sumika\r\nç¨‹å¼æ”¯æ•¸: 8æ”¯"], ["user_id", 1], ["created_at", "2016-11-15 12:13:32.872596"], ["updated_at", "2016-11-15 12:13:32.872596"]]
  [1m[35mSQL (0.2ms)[0m  INSERT INTO "categories_posts" ("category_id", "post_id", "created_at", "updated_at") VALUES (?, ?, ?, ?)  [["category_id", 1], ["post_id", 1], ["created_at", "2016-11-15 12:13:32.874958"], ["updated_at", "2016-11-15 12:13:32.874958"]]
  [1m[36m (2.0ms)[0m  [1mcommit transaction[0m
Redirected to http://localhost:3000/posts
Completed 302 Found in 26ms (ActiveRecord: 3.1ms)


Started GET "/posts" for ::1 at 2016-11-15 20:13:32 +0800
Processing by PostsController#index as HTML
  [1m[35mPost Load (0.3ms)[0m  SELECT "posts".* FROM "posts"
  [1m[36mVote Load (0.2ms)[0m  [1mSELECT "votes".* FROM "votes" WHERE "votes"."voteable_id" = ? AND "votes"."voteable_type" = ? AND "votes"."vote" = ?[0m  [["voteable_id", 1], ["voteable_type", "Post"], ["vote", "t"]]
  [1m[35mVote Load (0.1ms)[0m  SELECT "votes".* FROM "votes" WHERE "votes"."voteable_id" = ? AND "votes"."voteable_type" = ? AND "votes"."vote" = ?  [["voteable_id", 1], ["voteable_type", "Post"], ["vote", "f"]]
  Rendered shared/_title.html.erb (0.1ms)
  [1m[36mUser Load (0.2ms)[0m  [1mSELECT  "users".* FROM "users" WHERE "users"."id" = ? LIMIT 1[0m  [["id", 1]]
  [1m[35mCACHE (0.0ms)[0m  SELECT "votes".* FROM "votes" WHERE "votes"."voteable_id" = ? AND "votes"."voteable_type" = ? AND "votes"."vote" = ?  [["voteable_id", 1], ["voteable_type", "Post"], ["vote", true]]
  [1m[36mCACHE (0.0ms)[0m  [1mSELECT "votes".* FROM "votes" WHERE "votes"."voteable_id" = ? AND "votes"."voteable_type" = ? AND "votes"."vote" = ?[0m  [["voteable_id", 1], ["voteable_type", "Post"], ["vote", false]]
  [1m[35mCategory Load (0.3ms)[0m  SELECT "categories".* FROM "categories" INNER JOIN "categories_posts" ON "categories"."id" = "categories_posts"."category_id" WHERE "categories_posts"."post_id" = ?  [["post_id", 1]]
  Rendered categories/_category.html.erb (1.3ms)
  Rendered posts/_post.html.erb (29.2ms)
  Rendered posts/index.html.erb within layouts/application (37.0ms)
  Rendered layouts/_navigation.html.erb (0.5ms)
  Rendered layouts/_messages.html.erb (0.1ms)
Completed 200 OK in 119ms (Views: 107.7ms | ActiveRecord: 1.3ms)


Started GET "/posts/1" for ::1 at 2016-11-15 20:13:36 +0800
Processing by PostsController#show as HTML
  Parameters: {"id"=>"1"}
  [1m[36mPost Load (0.2ms)[0m  [1mSELECT  "posts".* FROM "posts" WHERE "posts"."id" = ? LIMIT 1[0m  [["id", 1]]
  Rendered shared/_title.html.erb (0.0ms)
  [1m[35mCategory Load (0.2ms)[0m  SELECT "categories".* FROM "categories" INNER JOIN "categories_posts" ON "categories"."id" = "categories_posts"."category_id" WHERE "categories_posts"."post_id" = ?  [["post_id", 1]]
  Rendered categories/_category.html.erb (1.1ms)
  [1m[36mUser Load (0.1ms)[0m  [1mSELECT  "users".* FROM "users" WHERE "users"."id" = ? LIMIT 1[0m  [["id", 1]]
  [1m[35mComment Load (0.2ms)[0m  SELECT "comments".* FROM "comments" WHERE "comments"."post_id" = ?  [["post_id", 1]]
  [1m[36mCACHE (0.0ms)[0m  [1mSELECT  "users".* FROM "users" WHERE "users"."id" = ? LIMIT 1[0m  [["id", 1]]
  Rendered posts/show.html.erb within layouts/application (15.0ms)
  Rendered layouts/_navigation.html.erb (0.7ms)
  Rendered layouts/_messages.html.erb (0.1ms)
Completed 200 OK in 128ms (Views: 115.6ms | ActiveRecord: 0.8ms)


Started POST "/posts/1/comments" for ::1 at 2016-11-15 20:14:07 +0800
Processing by CommentsController#create as HTML
  Parameters: {"utf8"=>"âœ“", "authenticity_token"=>"gocVzrJcj3HuWPI/KSYPk9Of7Gb5RA/qL4RF9/fvQWDGcXk6pX6gvO9dBpYLb6gqZPZbsJ74ESs8OfoCBzmn+A==", "comment"=>{"content"=>"ok, I got it . thank you~"}, "commit"=>"Create Comment", "post_id"=>"1"}
  [1m[35mPost Load (0.1ms)[0m  SELECT  "posts".* FROM "posts" WHERE "posts"."id" = ? LIMIT 1  [["id", 1]]
  [1m[36mUser Load (0.1ms)[0m  [1mSELECT  "users".* FROM "users" WHERE "users"."id" = ? LIMIT 1[0m  [["id", 1]]
  [1m[35m (0.1ms)[0m  begin transaction
  [1m[36mSQL (0.3ms)[0m  [1mINSERT INTO "comments" ("content", "post_id", "user_id", "created_at", "updated_at") VALUES (?, ?, ?, ?, ?)[0m  [["content", "ok, I got it . thank you~"], ["post_id", 1], ["user_id", 1], ["created_at", "2016-11-15 12:14:07.032011"], ["updated_at", "2016-11-15 12:14:07.032011"]]
  [1m[35m (1.5ms)[0m  commit transaction
Redirected to http://localhost:3000/posts/1
Completed 302 Found in 12ms (ActiveRecord: 2.1ms)


Started GET "/posts/1" for ::1 at 2016-11-15 20:14:07 +0800
Processing by PostsController#show as HTML
  Parameters: {"id"=>"1"}
  [1m[36mPost Load (0.2ms)[0m  [1mSELECT  "posts".* FROM "posts" WHERE "posts"."id" = ? LIMIT 1[0m  [["id", 1]]
  Rendered shared/_title.html.erb (0.1ms)
  [1m[35mCategory Load (0.1ms)[0m  SELECT "categories".* FROM "categories" INNER JOIN "categories_posts" ON "categories"."id" = "categories_posts"."category_id" WHERE "categories_posts"."post_id" = ?  [["post_id", 1]]
  Rendered categories/_category.html.erb (0.1ms)
  [1m[36mUser Load (0.1ms)[0m  [1mSELECT  "users".* FROM "users" WHERE "users"."id" = ? LIMIT 1[0m  [["id", 1]]
  [1m[35mComment Load (0.1ms)[0m  SELECT "comments".* FROM "comments" WHERE "comments"."post_id" = ?  [["post_id", 1]]
  [1m[36mCACHE (0.0ms)[0m  [1mSELECT  "users".* FROM "users" WHERE "users"."id" = ? LIMIT 1[0m  [["id", 1]]
  [1m[35mVote Load (0.1ms)[0m  SELECT "votes".* FROM "votes" WHERE "votes"."voteable_id" = ? AND "votes"."voteable_type" = ? AND "votes"."vote" = ?  [["voteable_id", 1], ["voteable_type", "Comment"], ["vote", "t"]]
  [1m[36mVote Load (0.4ms)[0m  [1mSELECT "votes".* FROM "votes" WHERE "votes"."voteable_id" = ? AND "votes"."voteable_type" = ? AND "votes"."vote" = ?[0m  [["voteable_id", 1], ["voteable_type", "Comment"], ["vote", "f"]]
  [1m[35mCACHE (0.0ms)[0m  SELECT  "users".* FROM "users" WHERE "users"."id" = ? LIMIT 1  [["id", 1]]
  Rendered posts/show.html.erb within layouts/application (16.6ms)
  Rendered layouts/_navigation.html.erb (0.7ms)
  Rendered layouts/_messages.html.erb (0.1ms)
Completed 200 OK in 118ms (Views: 114.3ms | ActiveRecord: 1.0ms)


Started GET "/" for ::1 at 2016-11-15 20:14:10 +0800
Processing by PostsController#index as HTML
  [1m[36mPost Load (0.2ms)[0m  [1mSELECT "posts".* FROM "posts"[0m
  [1m[35mVote Load (0.1ms)[0m  SELECT "votes".* FROM "votes" WHERE "votes"."voteable_id" = ? AND "votes"."voteable_type" = ? AND "votes"."vote" = ?  [["voteable_id", 1], ["voteable_type", "Post"], ["vote", "t"]]
  [1m[36mVote Load (0.1ms)[0m  [1mSELECT "votes".* FROM "votes" WHERE "votes"."voteable_id" = ? AND "votes"."voteable_type" = ? AND "votes"."vote" = ?[0m  [["voteable_id", 1], ["voteable_type", "Post"], ["vote", "f"]]
  Rendered shared/_title.html.erb (0.1ms)
  [1m[35mUser Load (0.1ms)[0m  SELECT  "users".* FROM "users" WHERE "users"."id" = ? LIMIT 1  [["id", 1]]
  [1m[36mCACHE (0.0ms)[0m  [1mSELECT "votes".* FROM "votes" WHERE "votes"."voteable_id" = ? AND "votes"."voteable_type" = ? AND "votes"."vote" = ?[0m  [["voteable_id", 1], ["voteable_type", "Post"], ["vote", true]]
  [1m[35mCACHE (0.0ms)[0m  SELECT "votes".* FROM "votes" WHERE "votes"."voteable_id" = ? AND "votes"."voteable_type" = ? AND "votes"."vote" = ?  [["voteable_id", 1], ["voteable_type", "Post"], ["vote", false]]
  [1m[36mCategory Load (0.1ms)[0m  [1mSELECT "categories".* FROM "categories" INNER JOIN "categories_posts" ON "categories"."id" = "categories_posts"."category_id" WHERE "categories_posts"."post_id" = ?[0m  [["post_id", 1]]
  Rendered categories/_category.html.erb (0.1ms)
  Rendered posts/_post.html.erb (10.2ms)
  Rendered posts/index.html.erb within layouts/application (18.0ms)
  Rendered layouts/_navigation.html.erb (0.4ms)
  Rendered layouts/_messages.html.erb (0.1ms)
Completed 200 OK in 84ms (Views: 78.3ms | ActiveRecord: 0.7ms)


Started GET "/posts/1" for ::1 at 2016-11-15 20:14:12 +0800
Processing by PostsController#show as HTML
  Parameters: {"id"=>"1"}
  [1m[35mPost Load (0.1ms)[0m  SELECT  "posts".* FROM "posts" WHERE "posts"."id" = ? LIMIT 1  [["id", 1]]
  Rendered shared/_title.html.erb (0.0ms)
  [1m[36mCategory Load (0.1ms)[0m  [1mSELECT "categories".* FROM "categories" INNER JOIN "categories_posts" ON "categories"."id" = "categories_posts"."category_id" WHERE "categories_posts"."post_id" = ?[0m  [["post_id", 1]]
  Rendered categories/_category.html.erb (0.1ms)
  [1m[35mUser Load (0.1ms)[0m  SELECT  "users".* FROM "users" WHERE "users"."id" = ? LIMIT 1  [["id", 1]]
  [1m[36mComment Load (0.1ms)[0m  [1mSELECT "comments".* FROM "comments" WHERE "comments"."post_id" = ?[0m  [["post_id", 1]]
  [1m[35mCACHE (0.0ms)[0m  SELECT  "users".* FROM "users" WHERE "users"."id" = ? LIMIT 1  [["id", 1]]
  [1m[36mVote Load (0.2ms)[0m  [1mSELECT "votes".* FROM "votes" WHERE "votes"."voteable_id" = ? AND "votes"."voteable_type" = ? AND "votes"."vote" = ?[0m  [["voteable_id", 1], ["voteable_type", "Comment"], ["vote", "t"]]
  [1m[35mVote Load (0.1ms)[0m  SELECT "votes".* FROM "votes" WHERE "votes"."voteable_id" = ? AND "votes"."voteable_type" = ? AND "votes"."vote" = ?  [["voteable_id", 1], ["voteable_type", "Comment"], ["vote", "f"]]
  [1m[36mCACHE (0.0ms)[0m  [1mSELECT  "users".* FROM "users" WHERE "users"."id" = ? LIMIT 1[0m  [["id", 1]]
  Rendered posts/show.html.erb within layouts/application (10.7ms)
  Rendered layouts/_navigation.html.erb (0.3ms)
  Rendered layouts/_messages.html.erb (0.1ms)
Completed 200 OK in 67ms (Views: 65.6ms | ActiveRecord: 0.7ms)


Started GET "/" for ::1 at 2016-11-15 20:14:13 +0800
Processing by PostsController#index as HTML
  [1m[35mPost Load (0.1ms)[0m  SELECT "posts".* FROM "posts"
  [1m[36mVote Load (0.1ms)[0m  [1mSELECT "votes".* FROM "votes" WHERE "votes"."voteable_id" = ? AND "votes"."voteable_type" = ? AND "votes"."vote" = ?[0m  [["voteable_id", 1], ["voteable_type", "Post"], ["vote", "t"]]
  [1m[35mVote Load (0.1ms)[0m  SELECT "votes".* FROM "votes" WHERE "votes"."voteable_id" = ? AND "votes"."voteable_type" = ? AND "votes"."vote" = ?  [["voteable_id", 1], ["voteable_type", "Post"], ["vote", "f"]]
  Rendered shared/_title.html.erb (0.1ms)
  [1m[36mUser Load (0.1ms)[0m  [1mSELECT  "users".* FROM "users" WHERE "users"."id" = ? LIMIT 1[0m  [["id", 1]]
  [1m[35mCACHE (0.0ms)[0m  SELECT "votes".* FROM "votes" WHERE "votes"."voteable_id" = ? AND "votes"."voteable_type" = ? AND "votes"."vote" = ?  [["voteable_id", 1], ["voteable_type", "Post"], ["vote", true]]
  [1m[36mCACHE (0.0ms)[0m  [1mSELECT "votes".* FROM "votes" WHERE "votes"."voteable_id" = ? AND "votes"."voteable_type" = ? AND "votes"."vote" = ?[0m  [["voteable_id", 1], ["voteable_type", "Post"], ["vote", false]]
  [1m[35mCategory Load (0.1ms)[0m  SELECT "categories".* FROM "categories" INNER JOIN "categories_posts" ON "categories"."id" = "categories_posts"."category_id" WHERE "categories_posts"."post_id" = ?  [["post_id", 1]]
  Rendered categories/_category.html.erb (0.1ms)
  Rendered posts/_post.html.erb (8.9ms)
  Rendered posts/index.html.erb within layouts/application (14.2ms)
  Rendered layouts/_navigation.html.erb (0.4ms)
  Rendered layouts/_messages.html.erb (0.1ms)
Completed 200 OK in 78ms (Views: 74.1ms | ActiveRecord: 0.6ms)


Started GET "/" for ::1 at 2016-11-15 20:15:42 +0800
  [1m[36mActiveRecord::SchemaMigration Load (0.2ms)[0m  [1mSELECT "schema_migrations".* FROM "schema_migrations"[0m
Processing by PostsController#index as HTML
  [1m[35mPost Load (0.2ms)[0m  SELECT "posts".* FROM "posts"
  [1m[36mVote Load (0.2ms)[0m  [1mSELECT "votes".* FROM "votes" WHERE "votes"."voteable_id" = ? AND "votes"."voteable_type" = ? AND "votes"."vote" = ?[0m  [["voteable_id", 1], ["voteable_type", "Post"], ["vote", "t"]]
  [1m[35mVote Load (0.2ms)[0m  SELECT "votes".* FROM "votes" WHERE "votes"."voteable_id" = ? AND "votes"."voteable_type" = ? AND "votes"."vote" = ?  [["voteable_id", 1], ["voteable_type", "Post"], ["vote", "f"]]
  Rendered shared/_title.html.erb (0.5ms)
  [1m[36mUser Load (0.3ms)[0m  [1mSELECT  "users".* FROM "users" WHERE "users"."id" = ? LIMIT 1[0m  [["id", 1]]
  [1m[35mCACHE (0.0ms)[0m  SELECT "votes".* FROM "votes" WHERE "votes"."voteable_id" = ? AND "votes"."voteable_type" = ? AND "votes"."vote" = ?  [["voteable_id", 1], ["voteable_type", "Post"], ["vote", true]]
  [1m[36mCACHE (0.0ms)[0m  [1mSELECT "votes".* FROM "votes" WHERE "votes"."voteable_id" = ? AND "votes"."voteable_type" = ? AND "votes"."vote" = ?[0m  [["voteable_id", 1], ["voteable_type", "Post"], ["vote", false]]
  [1m[35mCategory Load (0.2ms)[0m  SELECT "categories".* FROM "categories" INNER JOIN "categories_posts" ON "categories"."id" = "categories_posts"."category_id" WHERE "categories_posts"."post_id" = ?  [["post_id", 1]]
  Rendered categories/_category.html.erb (1.2ms)
  Rendered posts/_post.html.erb (59.7ms)
  Rendered posts/index.html.erb within layouts/application (72.3ms)
  Rendered layouts/_navigation.html.erb (1.7ms)
  Rendered layouts/_messages.html.erb (0.9ms)
Completed 200 OK in 485ms (Views: 403.5ms | ActiveRecord: 2.4ms)
